This file contains any messages produced by compilers while
running configure, to aid debugging if configure makes a mistake.

It was created by xcur2png configure 0.7.1, which was
generated by GNU Autoconf 2.69.  Invocation command line was

  $ ./configure --prefix=/opt/local CFLAGS=-O3 -Wall LDFLAGS=-L/opt/local/lib CPPFLAGS=-I/opt/local/include --no-create --no-recursion

## --------- ##
## Platform. ##
## --------- ##

hostname = rabbit5.local
uname -m = x86_64
uname -r = 14.4.0
uname -s = Darwin
uname -v = Darwin Kernel Version 14.4.0: Thu May 28 11:35:04 PDT 2015; root:xnu-2782.30.5~1/RELEASE_X86_64

/usr/bin/uname -p = i386
/bin/uname -X     = unknown

/bin/arch              = unknown
/usr/bin/arch -k       = unknown
/usr/convex/getsysinfo = unknown
/usr/bin/hostinfo      = Mach kernel version:
	 Darwin Kernel Version 14.4.0: Thu May 28 11:35:04 PDT 2015; root:xnu-2782.30.5~1/RELEASE_X86_64
Kernel configured for up to 4 processors.
2 processors are physically available.
4 processors are logically available.
Processor type: x86_64h (Intel x86-64h Haswell)
Processors active: 0 1 2 3
Primary memory available: 4.00 gigabytes
Default processor set: 252 tasks, 1248 threads, 4 processors
Load average: 4.39, Mach factor: 1.16
/bin/machine           = unknown
/usr/bin/oslevel       = unknown
/bin/universe          = unknown

PATH: /opt/local/bin
PATH: /opt/local/sbin
PATH: /usr/local/bin
PATH: /usr/bin
PATH: /bin
PATH: /usr/sbin
PATH: /sbin
PATH: /opt/X11/bin


## ----------- ##
## Core tests. ##
## ----------- ##

configure:2187: checking for a BSD-compatible install
configure:2255: result: /opt/local/bin/ginstall -c
configure:2266: checking whether build environment is sane
configure:2303: result: yes
configure:2328: checking for a thread-safe mkdir -p
configure:2367: result: /opt/local/bin/gmkdir -p
configure:2380: checking for gawk
configure:2396: found /opt/local/bin/gawk
configure:2407: result: gawk
configure:2418: checking whether make sets $(MAKE)
configure:2440: result: yes
configure:2675: checking for gcc
configure:2691: found /usr/bin/gcc
configure:2702: result: gcc
configure:2931: checking for C compiler version
configure:2940: gcc --version >&5
Apple LLVM version 6.0 (clang-600.0.54) (based on LLVM 3.5svn)
Target: x86_64-apple-darwin14.4.0
Thread model: posix
Configured with: --prefix=/Applications/Xcode.app/Contents/Developer/usr --with-gxx-include-dir=/usr/include/c++/4.2.1
configure:2951: $? = 0
configure:2940: gcc -v >&5
Configured with: --prefix=/Applications/Xcode.app/Contents/Developer/usr --with-gxx-include-dir=/usr/include/c++/4.2.1
Apple LLVM version 6.0 (clang-600.0.54) (based on LLVM 3.5svn)
Target: x86_64-apple-darwin14.4.0
Thread model: posix
configure:2951: $? = 0
configure:2940: gcc -V >&5
clang: error: argument to '-V' is missing (expected 1 value)
clang: error: no input files
configure:2951: $? = 1
configure:2940: gcc -qversion >&5
clang: error: unknown argument: '-qversion'
clang: error: no input files
configure:2951: $? = 1
configure:2971: checking whether the C compiler works
configure:2993: gcc -O3 -Wall -I/opt/local/include -L/opt/local/lib conftest.c  >&5
configure:2997: $? = 0
configure:3045: result: yes
configure:3048: checking for C compiler default output file name
configure:3050: result: a.out
configure:3056: checking for suffix of executables
configure:3063: gcc -o conftest -O3 -Wall -I/opt/local/include -L/opt/local/lib conftest.c  >&5
configure:3067: $? = 0
configure:3089: result: 
configure:3111: checking whether we are cross compiling
configure:3119: gcc -o conftest -O3 -Wall -I/opt/local/include -L/opt/local/lib conftest.c  >&5
configure:3123: $? = 0
configure:3130: ./conftest
configure:3134: $? = 0
configure:3149: result: no
configure:3154: checking for suffix of object files
configure:3176: gcc -c -O3 -Wall -I/opt/local/include conftest.c >&5
configure:3180: $? = 0
configure:3201: result: o
configure:3205: checking whether we are using the GNU C compiler
configure:3224: gcc -c -O3 -Wall -I/opt/local/include conftest.c >&5
configure:3224: $? = 0
configure:3233: result: yes
configure:3242: checking whether gcc accepts -g
configure:3262: gcc -c -g -I/opt/local/include conftest.c >&5
configure:3262: $? = 0
configure:3303: result: yes
configure:3320: checking for gcc option to accept ISO C89
configure:3383: gcc  -c -O3 -Wall -I/opt/local/include conftest.c >&5
configure:3383: $? = 0
configure:3396: result: none needed
configure:3427: checking for style of include used by make
configure:3455: result: GNU
configure:3480: checking dependency style of gcc
configure:3571: result: gcc3
configure:3637: checking for pkg-config
configure:3655: found /opt/local/bin/pkg-config
configure:3667: result: /opt/local/bin/pkg-config
configure:3692: checking pkg-config is at least version 0.9.0
configure:3695: result: yes
configure:3706: checking for XCUR2PNG
configure:3713: $PKG_CONFIG --exists --print-errors "libpng >= 1.0.6 xcursor"
configure:3716: $? = 0
configure:3729: $PKG_CONFIG --exists --print-errors "libpng >= 1.0.6 xcursor"
configure:3732: $? = 0
configure:3786: result: yes
configure:3800: checking how to run the C preprocessor
configure:3831: gcc -E -I/opt/local/include conftest.c
configure:3831: $? = 0
configure:3845: gcc -E -I/opt/local/include conftest.c
conftest.c:11:10: fatal error: 'ac_nonexistent.h' file not found
#include <ac_nonexistent.h>
         ^
1 error generated.
configure:3845: $? = 1
configure: failed program was:
| /* confdefs.h */
| #define PACKAGE_NAME "xcur2png"
| #define PACKAGE_TARNAME "xcur2png"
| #define PACKAGE_VERSION "0.7.1"
| #define PACKAGE_STRING "xcur2png 0.7.1"
| #define PACKAGE_BUGREPORT "tksmashiw@gmail.com"
| #define PACKAGE_URL ""
| #define PACKAGE "xcur2png"
| #define VERSION "0.7.1"
| /* end confdefs.h.  */
| #include <ac_nonexistent.h>
configure:3870: result: gcc -E
configure:3890: gcc -E -I/opt/local/include conftest.c
configure:3890: $? = 0
configure:3904: gcc -E -I/opt/local/include conftest.c
conftest.c:11:10: fatal error: 'ac_nonexistent.h' file not found
#include <ac_nonexistent.h>
         ^
1 error generated.
configure:3904: $? = 1
configure: failed program was:
| /* confdefs.h */
| #define PACKAGE_NAME "xcur2png"
| #define PACKAGE_TARNAME "xcur2png"
| #define PACKAGE_VERSION "0.7.1"
| #define PACKAGE_STRING "xcur2png 0.7.1"
| #define PACKAGE_BUGREPORT "tksmashiw@gmail.com"
| #define PACKAGE_URL ""
| #define PACKAGE "xcur2png"
| #define VERSION "0.7.1"
| /* end confdefs.h.  */
| #include <ac_nonexistent.h>
configure:3933: checking for grep that handles long lines and -e
configure:3991: result: /usr/bin/grep
configure:3996: checking for egrep
configure:4058: result: /usr/bin/grep -E
configure:4063: checking for ANSI C header files
configure:4083: gcc -c -O3 -Wall -I/opt/local/include conftest.c >&5
configure:4083: $? = 0
configure:4156: gcc -o conftest -O3 -Wall -I/opt/local/include -L/opt/local/lib conftest.c  >&5
configure:4156: $? = 0
configure:4156: ./conftest
configure:4156: $? = 0
configure:4167: result: yes
configure:4180: checking for sys/types.h
configure:4180: gcc -c -O3 -Wall -I/opt/local/include conftest.c >&5
configure:4180: $? = 0
configure:4180: result: yes
configure:4180: checking for sys/stat.h
configure:4180: gcc -c -O3 -Wall -I/opt/local/include conftest.c >&5
configure:4180: $? = 0
configure:4180: result: yes
configure:4180: checking for stdlib.h
configure:4180: gcc -c -O3 -Wall -I/opt/local/include conftest.c >&5
configure:4180: $? = 0
configure:4180: result: yes
configure:4180: checking for string.h
configure:4180: gcc -c -O3 -Wall -I/opt/local/include conftest.c >&5
configure:4180: $? = 0
configure:4180: result: yes
configure:4180: checking for memory.h
configure:4180: gcc -c -O3 -Wall -I/opt/local/include conftest.c >&5
configure:4180: $? = 0
configure:4180: result: yes
configure:4180: checking for strings.h
configure:4180: gcc -c -O3 -Wall -I/opt/local/include conftest.c >&5
configure:4180: $? = 0
configure:4180: result: yes
configure:4180: checking for inttypes.h
configure:4180: gcc -c -O3 -Wall -I/opt/local/include conftest.c >&5
configure:4180: $? = 0
configure:4180: result: yes
configure:4180: checking for stdint.h
configure:4180: gcc -c -O3 -Wall -I/opt/local/include conftest.c >&5
configure:4180: $? = 0
configure:4180: result: yes
configure:4180: checking for unistd.h
configure:4180: gcc -c -O3 -Wall -I/opt/local/include conftest.c >&5
configure:4180: $? = 0
configure:4180: result: yes
configure:4192: checking png.h usability
configure:4192: gcc -c -O3 -Wall -I/opt/local/include conftest.c >&5
configure:4192: $? = 0
configure:4192: result: yes
configure:4192: checking png.h presence
configure:4192: gcc -E -I/opt/local/include conftest.c
configure:4192: $? = 0
configure:4192: result: yes
configure:4192: checking for png.h
configure:4192: result: yes
configure:4200: checking X11/Xcursor/Xcursor.h usability
configure:4200: gcc -c -O3 -Wall -I/opt/local/include conftest.c >&5
configure:4200: $? = 0
configure:4200: result: yes
configure:4200: checking X11/Xcursor/Xcursor.h presence
configure:4200: gcc -E -I/opt/local/include conftest.c
configure:4200: $? = 0
configure:4200: result: yes
configure:4200: checking for X11/Xcursor/Xcursor.h
configure:4200: result: yes
configure:4215: checking for stdlib.h
configure:4215: result: yes
configure:4225: checking for GNU libc compatible malloc
configure:4249: gcc -o conftest -O3 -Wall -I/opt/local/include -L/opt/local/lib conftest.c  >&5
configure:4249: $? = 0
configure:4249: ./conftest
configure:4249: $? = 0
configure:4259: result: yes
configure:4282: checking for strrchr
configure:4282: gcc -o conftest -O3 -Wall -I/opt/local/include -L/opt/local/lib conftest.c  >&5
conftest.c:46:6: warning: incompatible redeclaration of library function 'strrchr' [-Wincompatible-library-redeclaration]
char strrchr ();
     ^
conftest.c:46:6: note: 'strrchr' is a builtin with type 'char *(const char *, int)'
1 warning generated.
configure:4282: $? = 0
configure:4282: result: yes
configure:4416: creating ./config.status

## ---------------- ##
## Cache variables. ##
## ---------------- ##

ac_cv_c_compiler_gnu=yes
ac_cv_env_CC_set=
ac_cv_env_CC_value=
ac_cv_env_CFLAGS_set=set
ac_cv_env_CFLAGS_value='-O3 -Wall'
ac_cv_env_CPPFLAGS_set=set
ac_cv_env_CPPFLAGS_value=-I/opt/local/include
ac_cv_env_CPP_set=
ac_cv_env_CPP_value=
ac_cv_env_LDFLAGS_set=set
ac_cv_env_LDFLAGS_value=-L/opt/local/lib
ac_cv_env_LIBS_set=
ac_cv_env_LIBS_value=
ac_cv_env_PKG_CONFIG_set=
ac_cv_env_PKG_CONFIG_value=
ac_cv_env_XCUR2PNG_CFLAGS_set=
ac_cv_env_XCUR2PNG_CFLAGS_value=
ac_cv_env_XCUR2PNG_LIBS_set=
ac_cv_env_XCUR2PNG_LIBS_value=
ac_cv_env_build_alias_set=
ac_cv_env_build_alias_value=
ac_cv_env_host_alias_set=
ac_cv_env_host_alias_value=
ac_cv_env_target_alias_set=
ac_cv_env_target_alias_value=
ac_cv_func_malloc_0_nonnull=yes
ac_cv_func_strrchr=yes
ac_cv_header_X11_Xcursor_Xcursor_h=yes
ac_cv_header_inttypes_h=yes
ac_cv_header_memory_h=yes
ac_cv_header_png_h=yes
ac_cv_header_stdc=yes
ac_cv_header_stdint_h=yes
ac_cv_header_stdlib_h=yes
ac_cv_header_string_h=yes
ac_cv_header_strings_h=yes
ac_cv_header_sys_stat_h=yes
ac_cv_header_sys_types_h=yes
ac_cv_header_unistd_h=yes
ac_cv_objext=o
ac_cv_path_EGREP='/usr/bin/grep -E'
ac_cv_path_GREP=/usr/bin/grep
ac_cv_path_ac_pt_PKG_CONFIG=/opt/local/bin/pkg-config
ac_cv_path_install='/opt/local/bin/ginstall -c'
ac_cv_path_mkdir=/opt/local/bin/gmkdir
ac_cv_prog_AWK=gawk
ac_cv_prog_CPP='gcc -E'
ac_cv_prog_ac_ct_CC=gcc
ac_cv_prog_cc_c89=
ac_cv_prog_cc_g=yes
ac_cv_prog_make_make_set=yes
am_cv_CC_dependencies_compiler_type=gcc3
pkg_cv_XCUR2PNG_CFLAGS='-I/opt/local/include/libpng16 -I/opt/local/include '
pkg_cv_XCUR2PNG_LIBS='-L/opt/local/lib -lpng16 -lXcursor '

## ----------------- ##
## Output variables. ##
## ----------------- ##

ACLOCAL='${SHELL} /Users/ethan/Downloads/xcur2png-0.7.1/missing --run aclocal-1.10'
AMDEPBACKSLASH='\'
AMDEP_FALSE='#'
AMDEP_TRUE=''
AMTAR='${SHELL} /Users/ethan/Downloads/xcur2png-0.7.1/missing --run tar'
AUTOCONF='${SHELL} /Users/ethan/Downloads/xcur2png-0.7.1/missing --run autoconf'
AUTOHEADER='${SHELL} /Users/ethan/Downloads/xcur2png-0.7.1/missing --run autoheader'
AUTOMAKE='${SHELL} /Users/ethan/Downloads/xcur2png-0.7.1/missing --run automake-1.10'
AWK='gawk'
CC='gcc'
CCDEPMODE='depmode=gcc3'
CFLAGS='-O3 -Wall'
CPP='gcc -E'
CPPFLAGS='-I/opt/local/include'
CYGPATH_W='echo'
DEFS='-DHAVE_CONFIG_H'
DEPDIR='.deps'
ECHO_C='\c'
ECHO_N=''
ECHO_T=''
EGREP='/usr/bin/grep -E'
EXEEXT=''
GREP='/usr/bin/grep'
INSTALL_DATA='${INSTALL} -m 644'
INSTALL_PROGRAM='${INSTALL}'
INSTALL_SCRIPT='${INSTALL}'
INSTALL_STRIP_PROGRAM='$(install_sh) -c -s'
LDFLAGS='-L/opt/local/lib'
LIBOBJS=''
LIBS=''
LTLIBOBJS=''
MAKEINFO='${SHELL} /Users/ethan/Downloads/xcur2png-0.7.1/missing --run makeinfo'
MKDIR_P='/opt/local/bin/gmkdir -p'
OBJEXT='o'
PACKAGE='xcur2png'
PACKAGE_BUGREPORT='tksmashiw@gmail.com'
PACKAGE_NAME='xcur2png'
PACKAGE_STRING='xcur2png 0.7.1'
PACKAGE_TARNAME='xcur2png'
PACKAGE_URL=''
PACKAGE_VERSION='0.7.1'
PATH_SEPARATOR=':'
PKG_CONFIG='/opt/local/bin/pkg-config'
SET_MAKE=''
SHELL='/bin/sh'
STRIP=''
VERSION='0.7.1'
XCUR2PNG_CFLAGS='-I/opt/local/include/libpng16 -I/opt/local/include '
XCUR2PNG_LIBS='-L/opt/local/lib -lpng16 -lXcursor '
ac_ct_CC='gcc'
am__fastdepCC_FALSE='#'
am__fastdepCC_TRUE=''
am__include='include'
am__isrc=''
am__leading_dot='.'
am__quote=''
am__tar='${AMTAR} chof - "$$tardir"'
am__untar='${AMTAR} xf -'
bindir='${exec_prefix}/bin'
build_alias=''
datadir='${datarootdir}'
datarootdir='${prefix}/share'
docdir='${datarootdir}/doc/${PACKAGE_TARNAME}'
dvidir='${docdir}'
exec_prefix='${prefix}'
host_alias=''
htmldir='${docdir}'
includedir='${prefix}/include'
infodir='${datarootdir}/info'
install_sh='$(SHELL) /Users/ethan/Downloads/xcur2png-0.7.1/install-sh'
libdir='${exec_prefix}/lib'
libexecdir='${exec_prefix}/libexec'
localedir='${datarootdir}/locale'
localstatedir='${prefix}/var'
mandir='${datarootdir}/man'
mkdir_p='/opt/local/bin/gmkdir -p'
oldincludedir='/usr/include'
pdfdir='${docdir}'
prefix='/opt/local'
program_transform_name='s,x,x,'
psdir='${docdir}'
sbindir='${exec_prefix}/sbin'
sharedstatedir='${prefix}/com'
sysconfdir='${prefix}/etc'
target_alias=''

## ----------- ##
## confdefs.h. ##
## ----------- ##

/* confdefs.h */
#define PACKAGE_NAME "xcur2png"
#define PACKAGE_TARNAME "xcur2png"
#define PACKAGE_VERSION "0.7.1"
#define PACKAGE_STRING "xcur2png 0.7.1"
#define PACKAGE_BUGREPORT "tksmashiw@gmail.com"
#define PACKAGE_URL ""
#define PACKAGE "xcur2png"
#define VERSION "0.7.1"
#define STDC_HEADERS 1
#define HAVE_SYS_TYPES_H 1
#define HAVE_SYS_STAT_H 1
#define HAVE_STDLIB_H 1
#define HAVE_STRING_H 1
#define HAVE_MEMORY_H 1
#define HAVE_STRINGS_H 1
#define HAVE_INTTYPES_H 1
#define HAVE_STDINT_H 1
#define HAVE_UNISTD_H 1
#define HAVE_STDLIB_H 1
#define HAVE_MALLOC 1
#define HAVE_STRRCHR 1

configure: exit 0

## ---------------------- ##
## Running config.status. ##
## ---------------------- ##

This file was extended by xcur2png config.status 0.7.1, which was
generated by GNU Autoconf 2.69.  Invocation command line was

  CONFIG_FILES    = 
  CONFIG_HEADERS  = 
  CONFIG_LINKS    = 
  CONFIG_COMMANDS = 
  $ ./config.status 

on rabbit5.local

config.status:852: creating Makefile
config.status:852: creating debian/Makefile
config.status:852: creating config.h
config.status:1033: config.h is unchanged
config.status:1081: executing depfiles commands

## ---------------------- ##
## Running config.status. ##
## ---------------------- ##

This file was extended by xcur2png config.status 0.7.1, which was
generated by GNU Autoconf 2.69.  Invocation command line was

  CONFIG_FILES    = 
  CONFIG_HEADERS  = 
  CONFIG_LINKS    = 
  CONFIG_COMMANDS = 
  $ ./config.status config.h

on rabbit5.local

config.status:852: creating config.h
